=== puma startup: 2015-09-12 00:34:34 -0700 ===
/home/raworth/.rvm/gems/ruby-2.2.1@global/gems/bundler-1.8.4/lib/bundler/spec_set.rb:92:in `block in materialize': Could not find autoprefixer-rails-5.2.1.2 in any of the sources (Bundler::GemNotFound)
	from /home/raworth/.rvm/gems/ruby-2.2.1@global/gems/bundler-1.8.4/lib/bundler/spec_set.rb:85:in `map!'
	from /home/raworth/.rvm/gems/ruby-2.2.1@global/gems/bundler-1.8.4/lib/bundler/spec_set.rb:85:in `materialize'
	from /home/raworth/.rvm/gems/ruby-2.2.1@global/gems/bundler-1.8.4/lib/bundler/definition.rb:132:in `specs'
	from /home/raworth/.rvm/gems/ruby-2.2.1@global/gems/bundler-1.8.4/lib/bundler/definition.rb:177:in `specs_for'
	from /home/raworth/.rvm/gems/ruby-2.2.1@global/gems/bundler-1.8.4/lib/bundler/definition.rb:166:in `requested_specs'
	from /home/raworth/.rvm/gems/ruby-2.2.1@global/gems/bundler-1.8.4/lib/bundler/environment.rb:18:in `requested_specs'
	from /home/raworth/.rvm/gems/ruby-2.2.1@global/gems/bundler-1.8.4/lib/bundler/runtime.rb:13:in `setup'
	from /home/raworth/.rvm/gems/ruby-2.2.1@global/gems/bundler-1.8.4/lib/bundler.rb:122:in `setup'
	from /home/raworth/.rvm/gems/ruby-2.2.1@global/gems/bundler-1.8.4/lib/bundler/setup.rb:18:in `<top (required)>'
	from /home/raworth/.rvm/rubies/ruby-2.2.1/lib/ruby/site_ruby/2.2.0/rubygems/core_ext/kernel_require.rb:69:in `require'
	from /home/raworth/.rvm/rubies/ruby-2.2.1/lib/ruby/site_ruby/2.2.0/rubygems/core_ext/kernel_require.rb:69:in `require'
	from /home/raworth/.rvm/gems/ruby-2.2.1/gems/activesupport-4.2.4/lib/active_support/dependencies.rb:274:in `block in require'
	from /home/raworth/.rvm/gems/ruby-2.2.1/gems/activesupport-4.2.4/lib/active_support/dependencies.rb:240:in `load_dependency'
	from /home/raworth/.rvm/gems/ruby-2.2.1/gems/activesupport-4.2.4/lib/active_support/dependencies.rb:274:in `require'
	from /home/raworth/ace/config/boot.rb:3:in `<top (required)>'
	from /home/raworth/.rvm/rubies/ruby-2.2.1/lib/ruby/site_ruby/2.2.0/rubygems/core_ext/kernel_require.rb:121:in `require'
	from /home/raworth/.rvm/rubies/ruby-2.2.1/lib/ruby/site_ruby/2.2.0/rubygems/core_ext/kernel_require.rb:121:in `require'
	from /home/raworth/.rvm/gems/ruby-2.2.1/gems/activesupport-4.2.4/lib/active_support/dependencies.rb:274:in `block in require'
	from /home/raworth/.rvm/gems/ruby-2.2.1/gems/activesupport-4.2.4/lib/active_support/dependencies.rb:240:in `load_dependency'
	from /home/raworth/.rvm/gems/ruby-2.2.1/gems/activesupport-4.2.4/lib/active_support/dependencies.rb:274:in `require'
	from /home/raworth/ace/config/application.rb:1:in `<top (required)>'
	from /home/raworth/.rvm/rubies/ruby-2.2.1/lib/ruby/site_ruby/2.2.0/rubygems/core_ext/kernel_require.rb:121:in `require'
	from /home/raworth/.rvm/rubies/ruby-2.2.1/lib/ruby/site_ruby/2.2.0/rubygems/core_ext/kernel_require.rb:121:in `require'
	from /home/raworth/.rvm/gems/ruby-2.2.1/gems/activesupport-4.2.4/lib/active_support/dependencies.rb:274:in `block in require'
	from /home/raworth/.rvm/gems/ruby-2.2.1/gems/activesupport-4.2.4/lib/active_support/dependencies.rb:240:in `load_dependency'
	from /home/raworth/.rvm/gems/ruby-2.2.1/gems/activesupport-4.2.4/lib/active_support/dependencies.rb:274:in `require'
	from /home/raworth/ace/config/environment.rb:2:in `<top (required)>'
	from /home/raworth/.rvm/rubies/ruby-2.2.1/lib/ruby/site_ruby/2.2.0/rubygems/core_ext/kernel_require.rb:121:in `require'
	from /home/raworth/.rvm/rubies/ruby-2.2.1/lib/ruby/site_ruby/2.2.0/rubygems/core_ext/kernel_require.rb:121:in `require'
	from /home/raworth/.rvm/gems/ruby-2.2.1/gems/activesupport-4.2.4/lib/active_support/dependencies.rb:274:in `block in require'
	from /home/raworth/.rvm/gems/ruby-2.2.1/gems/activesupport-4.2.4/lib/active_support/dependencies.rb:240:in `load_dependency'
	from /home/raworth/.rvm/gems/ruby-2.2.1/gems/activesupport-4.2.4/lib/active_support/dependencies.rb:274:in `require'
	from config.ru:3:in `block in <main>'
	from /home/raworth/.rvm/gems/ruby-2.2.1/gems/puma-2.13.4/lib/puma/rack/builder.rb:184:in `instance_eval'
	from /home/raworth/.rvm/gems/ruby-2.2.1/gems/puma-2.13.4/lib/puma/rack/builder.rb:184:in `initialize'
	from config.ru:in `new'
	from config.ru:in `<main>'
	from /home/raworth/.rvm/gems/ruby-2.2.1/gems/puma-2.13.4/lib/puma/rack/builder.rb:170:in `eval'
	from /home/raworth/.rvm/gems/ruby-2.2.1/gems/puma-2.13.4/lib/puma/rack/builder.rb:170:in `new_from_string'
	from /home/raworth/.rvm/gems/ruby-2.2.1/gems/puma-2.13.4/lib/puma/rack/builder.rb:161:in `parse_file'
	from /home/raworth/.rvm/gems/ruby-2.2.1/gems/puma-2.13.4/lib/puma/configuration.rb:129:in `load_rackup'
	from /home/raworth/.rvm/gems/ruby-2.2.1/gems/puma-2.13.4/lib/puma/configuration.rb:96:in `app'
	from /home/raworth/.rvm/gems/ruby-2.2.1/gems/puma-2.13.4/lib/puma/runner.rb:123:in `app'
	from /home/raworth/.rvm/gems/ruby-2.2.1/gems/puma-2.13.4/lib/puma/runner.rb:130:in `start_server'
	from /home/raworth/.rvm/gems/ruby-2.2.1/gems/puma-2.13.4/lib/puma/cluster.rb:215:in `worker'
	from /home/raworth/.rvm/gems/ruby-2.2.1/gems/puma-2.13.4/lib/puma/cluster.rb:109:in `block (2 levels) in spawn_workers'
	from /home/raworth/.rvm/gems/ruby-2.2.1/gems/puma-2.13.4/lib/puma/cluster.rb:109:in `fork'
	from /home/raworth/.rvm/gems/ruby-2.2.1/gems/puma-2.13.4/lib/puma/cluster.rb:109:in `block in spawn_workers'
	from /home/raworth/.rvm/gems/ruby-2.2.1/gems/puma-2.13.4/lib/puma/cluster.rb:105:in `times'
	from /home/raworth/.rvm/gems/ruby-2.2.1/gems/puma-2.13.4/lib/puma/cluster.rb:105:in `spawn_workers'
	from /home/raworth/.rvm/gems/ruby-2.2.1/gems/puma-2.13.4/lib/puma/cluster.rb:386:in `run'
	from /home/raworth/.rvm/gems/ruby-2.2.1/gems/puma-2.13.4/lib/puma/cli.rb:215:in `run'
	from /home/raworth/.rvm/gems/ruby-2.2.1/gems/puma-2.13.4/bin/puma:10:in `<top (required)>'
	from /home/raworth/.rvm/gems/ruby-2.2.1/bin/puma:23:in `load'
	from /home/raworth/.rvm/gems/ruby-2.2.1/bin/puma:23:in `<main>'
	from /home/raworth/.rvm/gems/ruby-2.2.1/bin/ruby_executable_hooks:15:in `eval'
	from /home/raworth/.rvm/gems/ruby-2.2.1/bin/ruby_executable_hooks:15:in `<main>'
/home/raworth/.rvm/gems/ruby-2.2.1@global/gems/bundler-1.8.4/lib/bundler/spec_set.rb:92:in `block in materialize': Could not find autoprefixer-rails-5.2.1.2 in any of the sources (Bundler::GemNotFound)
	from /home/raworth/.rvm/gems/ruby-2.2.1@global/gems/bundler-1.8.4/lib/bundler/spec_set.rb:85:in `map!'
	from /home/raworth/.rvm/gems/ruby-2.2.1@global/gems/bundler-1.8.4/lib/bundler/spec_set.rb:85:in `materialize'
	from /home/raworth/.rvm/gems/ruby-2.2.1@global/gems/bundler-1.8.4/lib/bundler/definition.rb:132:in `specs'
	from /home/raworth/.rvm/gems/ruby-2.2.1@global/gems/bundler-1.8.4/lib/bundler/definition.rb:177:in `specs_for'
	from /home/raworth/.rvm/gems/ruby-2.2.1@global/gems/bundler-1.8.4/lib/bundler/definition.rb:166:in `requested_specs'
	from /home/raworth/.rvm/gems/ruby-2.2.1@global/gems/bundler-1.8.4/lib/bundler/environment.rb:18:in `requested_specs'
	from /home/raworth/.rvm/gems/ruby-2.2.1@global/gems/bundler-1.8.4/lib/bundler/runtime.rb:13:in `setup'
	from /home/raworth/.rvm/gems/ruby-2.2.1@global/gems/bundler-1.8.4/lib/bundler.rb:122:in `setup'
	from /home/raworth/.rvm/gems/ruby-2.2.1@global/gems/bundler-1.8.4/lib/bundler/setup.rb:18:in `<top (required)>'
	from /home/raworth/.rvm/rubies/ruby-2.2.1/lib/ruby/site_ruby/2.2.0/rubygems/core_ext/kernel_require.rb:69:in `require'
	from /home/raworth/.rvm/rubies/ruby-2.2.1/lib/ruby/site_ruby/2.2.0/rubygems/core_ext/kernel_require.rb:69:in `require'
	from /home/raworth/.rvm/gems/ruby-2.2.1/gems/activesupport-4.2.4/lib/active_support/dependencies.rb:274:in `block in require'
	from /home/raworth/.rvm/gems/ruby-2.2.1/gems/activesupport-4.2.4/lib/active_support/dependencies.rb:240:in `load_dependency'
	from /home/raworth/.rvm/gems/ruby-2.2.1/gems/activesupport-4.2.4/lib/active_support/dependencies.rb:274:in `require'
	from /home/raworth/ace/config/boot.rb:3:in `<top (required)>'
	from /home/raworth/.rvm/rubies/ruby-2.2.1/lib/ruby/site_ruby/2.2.0/rubygems/core_ext/kernel_require.rb:121:in `require'
	from /home/raworth/.rvm/rubies/ruby-2.2.1/lib/ruby/site_ruby/2.2.0/rubygems/core_ext/kernel_require.rb:121:in `require'
	from /home/raworth/.rvm/gems/ruby-2.2.1/gems/activesupport-4.2.4/lib/active_support/dependencies.rb:274:in `block in require'
	from /home/raworth/.rvm/gems/ruby-2.2.1/gems/activesupport-4.2.4/lib/active_support/dependencies.rb:240:in `load_dependency'
	from /home/raworth/.rvm/gems/ruby-2.2.1/gems/activesupport-4.2.4/lib/active_support/dependencies.rb:274:in `require'
	from /home/raworth/ace/config/application.rb:1:in `<top (required)>'
	from /home/raworth/.rvm/rubies/ruby-2.2.1/lib/ruby/site_ruby/2.2.0/rubygems/core_ext/kernel_require.rb:121:in `require'
	from /home/raworth/.rvm/rubies/ruby-2.2.1/lib/ruby/site_ruby/2.2.0/rubygems/core_ext/kernel_require.rb:121:in `require'
	from /home/raworth/.rvm/gems/ruby-2.2.1/gems/activesupport-4.2.4/lib/active_support/dependencies.rb:274:in `block in require'
	from /home/raworth/.rvm/gems/ruby-2.2.1/gems/activesupport-4.2.4/lib/active_support/dependencies.rb:240:in `load_dependency'
	from /home/raworth/.rvm/gems/ruby-2.2.1/gems/activesupport-4.2.4/lib/active_support/dependencies.rb:274:in `require'
	from /home/raworth/ace/config/environment.rb:2:in `<top (required)>'
	from /home/raworth/.rvm/rubies/ruby-2.2.1/lib/ruby/site_ruby/2.2.0/rubygems/core_ext/kernel_require.rb:121:in `require'
	from /home/raworth/.rvm/rubies/ruby-2.2.1/lib/ruby/site_ruby/2.2.0/rubygems/core_ext/kernel_require.rb:121:in `require'
	from /home/raworth/.rvm/gems/ruby-2.2.1/gems/activesupport-4.2.4/lib/active_support/dependencies.rb:274:in `block in require'
	from /home/raworth/.rvm/gems/ruby-2.2.1/gems/activesupport-4.2.4/lib/active_support/dependencies.rb:240:in `load_dependency'
	from /home/raworth/.rvm/gems/ruby-2.2.1/gems/activesupport-4.2.4/lib/active_support/dependencies.rb:274:in `require'
	from config.ru:3:in `block in <main>'
	from /home/raworth/.rvm/gems/ruby-2.2.1/gems/puma-2.13.4/lib/puma/rack/builder.rb:184:in `instance_eval'
	from /home/raworth/.rvm/gems/ruby-2.2.1/gems/puma-2.13.4/lib/puma/rack/builder.rb:184:in `initialize'
	from config.ru:in `new'
	from config.ru:in `<main>'
	from /home/raworth/.rvm/gems/ruby-2.2.1/gems/puma-2.13.4/lib/puma/rack/builder.rb:170:in `eval'
	from /home/raworth/.rvm/gems/ruby-2.2.1/gems/puma-2.13.4/lib/puma/rack/builder.rb:170:in `new_from_string'
	from /home/raworth/.rvm/gems/ruby-2.2.1/gems/puma-2.13.4/lib/puma/rack/builder.rb:161:in `parse_file'
	from /home/raworth/.rvm/gems/ruby-2.2.1/gems/puma-2.13.4/lib/puma/configuration.rb:129:in `load_rackup'
	from /home/raworth/.rvm/gems/ruby-2.2.1/gems/puma-2.13.4/lib/puma/configuration.rb:96:in `app'
	from /home/raworth/.rvm/gems/ruby-2.2.1/gems/puma-2.13.4/lib/puma/runner.rb:123:in `app'
	from /home/raworth/.rvm/gems/ruby-2.2.1/gems/puma-2.13.4/lib/puma/runner.rb:130:in `start_server'
	from /home/raworth/.rvm/gems/ruby-2.2.1/gems/puma-2.13.4/lib/puma/cluster.rb:215:in `worker'
	from /home/raworth/.rvm/gems/ruby-2.2.1/gems/puma-2.13.4/lib/puma/cluster.rb:109:in `block (2 levels) in spawn_workers'
	from /home/raworth/.rvm/gems/ruby-2.2.1/gems/puma-2.13.4/lib/puma/cluster.rb:109:in `fork'
	from /home/raworth/.rvm/gems/ruby-2.2.1/gems/puma-2.13.4/lib/puma/cluster.rb:109:in `block in spawn_workers'
	from /home/raworth/.rvm/gems/ruby-2.2.1/gems/puma-2.13.4/lib/puma/cluster.rb:105:in `times'
	from /home/raworth/.rvm/gems/ruby-2.2.1/gems/puma-2.13.4/lib/puma/cluster.rb:105:in `spawn_workers'
	from /home/raworth/.rvm/gems/ruby-2.2.1/gems/puma-2.13.4/lib/puma/cluster.rb:157:in `check_workers'
	from /home/raworth/.rvm/gems/ruby-2.2.1/gems/puma-2.13.4/lib/puma/cluster.rb:427:in `run'
	from /home/raworth/.rvm/gems/ruby-2.2.1/gems/puma-2.13.4/lib/puma/cli.rb:215:in `run'
	from /home/raworth/.rvm/gems/ruby-2.2.1/gems/puma-2.13.4/bin/puma:10:in `<top (required)>'
	from /home/raworth/.rvm/gems/ruby-2.2.1/bin/puma:23:in `load'
	from /home/raworth/.rvm/gems/ruby-2.2.1/bin/puma:23:in `<main>'
	from /home/raworth/.rvm/gems/ruby-2.2.1/bin/ruby_executable_hooks:15:in `eval'
	from /home/raworth/.rvm/gems/ruby-2.2.1/bin/ruby_executable_hooks:15:in `<main>'
/home/raworth/.rvm/gems/ruby-2.2.1@global/gems/bundler-1.8.4/lib/bundler/spec_set.rb:92:in `block in materialize': Could not find autoprefixer-rails-5.2.1.2 in any of the sources (Bundler::GemNotFound)
	from /home/raworth/.rvm/gems/ruby-2.2.1@global/gems/bundler-1.8.4/lib/bundler/spec_set.rb:85:in `map!'
	from /home/raworth/.rvm/gems/ruby-2.2.1@global/gems/bundler-1.8.4/lib/bundler/spec_set.rb:85:in `materialize'
	from /home/raworth/.rvm/gems/ruby-2.2.1@global/gems/bundler-1.8.4/lib/bundler/definition.rb:132:in `specs'
	from /home/raworth/.rvm/gems/ruby-2.2.1@global/gems/bundler-1.8.4/lib/bundler/definition.rb:177:in `specs_for'
	from /home/raworth/.rvm/gems/ruby-2.2.1@global/gems/bundler-1.8.4/lib/bundler/definition.rb:166:in `requested_specs'
	from /home/raworth/.rvm/gems/ruby-2.2.1@global/gems/bundler-1.8.4/lib/bundler/environment.rb:18:in `requested_specs'
	from /home/raworth/.rvm/gems/ruby-2.2.1@global/gems/bundler-1.8.4/lib/bundler/runtime.rb:13:in `setup'
	from /home/raworth/.rvm/gems/ruby-2.2.1@global/gems/bundler-1.8.4/lib/bundler.rb:122:in `setup'
	from /home/raworth/.rvm/gems/ruby-2.2.1@global/gems/bundler-1.8.4/lib/bundler/setup.rb:18:in `<top (required)>'
	from /home/raworth/.rvm/rubies/ruby-2.2.1/lib/ruby/site_ruby/2.2.0/rubygems/core_ext/kernel_require.rb:69:in `require'
	from /home/raworth/.rvm/rubies/ruby-2.2.1/lib/ruby/site_ruby/2.2.0/rubygems/core_ext/kernel_require.rb:69:in `require'
	from /home/raworth/.rvm/gems/ruby-2.2.1/gems/activesupport-4.2.4/lib/active_support/dependencies.rb:274:in `block in require'
	from /home/raworth/.rvm/gems/ruby-2.2.1/gems/activesupport-4.2.4/lib/active_support/dependencies.rb:240:in `load_dependency'
	from /home/raworth/.rvm/gems/ruby-2.2.1/gems/activesupport-4.2.4/lib/active_support/dependencies.rb:274:in `require'
	from /home/raworth/ace/config/boot.rb:3:in `<top (required)>'
	from /home/raworth/.rvm/rubies/ruby-2.2.1/lib/ruby/site_ruby/2.2.0/rubygems/core_ext/kernel_require.rb:121:in `require'
	from /home/raworth/.rvm/rubies/ruby-2.2.1/lib/ruby/site_ruby/2.2.0/rubygems/core_ext/kernel_require.rb:121:in `require'
	from /home/raworth/.rvm/gems/ruby-2.2.1/gems/activesupport-4.2.4/lib/active_support/dependencies.rb:274:in `block in require'
	from /home/raworth/.rvm/gems/ruby-2.2.1/gems/activesupport-4.2.4/lib/active_support/dependencies.rb:240:in `load_dependency'
	from /home/raworth/.rvm/gems/ruby-2.2.1/gems/activesupport-4.2.4/lib/active_support/dependencies.rb:274:in `require'
	from /home/raworth/ace/config/application.rb:1:in `<top (required)>'
	from /home/raworth/.rvm/rubies/ruby-2.2.1/lib/ruby/site_ruby/2.2.0/rubygems/core_ext/kernel_require.rb:121:in `require'
	from /home/raworth/.rvm/rubies/ruby-2.2.1/lib/ruby/site_ruby/2.2.0/rubygems/core_ext/kernel_require.rb:121:in `require'
	from /home/raworth/.rvm/gems/ruby-2.2.1/gems/activesupport-4.2.4/lib/active_support/dependencies.rb:274:in `block in require'
	from /home/raworth/.rvm/gems/ruby-2.2.1/gems/activesupport-4.2.4/lib/active_support/dependencies.rb:240:in `load_dependency'
	from /home/raworth/.rvm/gems/ruby-2.2.1/gems/activesupport-4.2.4/lib/active_support/dependencies.rb:274:in `require'
	from /home/raworth/ace/config/environment.rb:2:in `<top (required)>'
	from /home/raworth/.rvm/rubies/ruby-2.2.1/lib/ruby/site_ruby/2.2.0/rubygems/core_ext/kernel_require.rb:121:in `require'
	from /home/raworth/.rvm/rubies/ruby-2.2.1/lib/ruby/site_ruby/2.2.0/rubygems/core_ext/kernel_require.rb:121:in `require'
	from /home/raworth/.rvm/gems/ruby-2.2.1/gems/activesupport-4.2.4/lib/active_support/dependencies.rb:274:in `block in require'
	from /home/raworth/.rvm/gems/ruby-2.2.1/gems/activesupport-4.2.4/lib/active_support/dependencies.rb:240:in `load_dependency'
	from /home/raworth/.rvm/gems/ruby-2.2.1/gems/activesupport-4.2.4/lib/active_support/dependencies.rb:274:in `require'
	from config.ru:3:in `block in <main>'
	from /home/raworth/.rvm/gems/ruby-2.2.1/gems/puma-2.13.4/lib/puma/rack/builder.rb:184:in `instance_eval'
	from /home/raworth/.rvm/gems/ruby-2.2.1/gems/puma-2.13.4/lib/puma/rack/builder.rb:184:in `initialize'
	from config.ru:in `new'
	from config.ru:in `<main>'
	from /home/raworth/.rvm/gems/ruby-2.2.1/gems/puma-2.13.4/lib/puma/rack/builder.rb:170:in `eval'
	from /home/raworth/.rvm/gems/ruby-2.2.1/gems/puma-2.13.4/lib/puma/rack/builder.rb:170:in `new_from_string'
	from /home/raworth/.rvm/gems/ruby-2.2.1/gems/puma-2.13.4/lib/puma/rack/builder.rb:161:in `parse_file'
	from /home/raworth/.rvm/gems/ruby-2.2.1/gems/puma-2.13.4/lib/puma/configuration.rb:129:in `load_rackup'
	from /home/raworth/.rvm/gems/ruby-2.2.1/gems/puma-2.13.4/lib/puma/configuration.rb:96:in `app'
	from /home/raworth/.rvm/gems/ruby-2.2.1/gems/puma-2.13.4/lib/puma/runner.rb:123:in `app'
	from /home/raworth/.rvm/gems/ruby-2.2.1/gems/puma-2.13.4/lib/puma/runner.rb:130:in `start_server'
	from /home/raworth/.rvm/gems/ruby-2.2.1/gems/puma-2.13.4/lib/puma/cluster.rb:215:in `worker'
	from /home/raworth/.rvm/gems/ruby-2.2.1/gems/puma-2.13.4/lib/puma/cluster.rb:109:in `block (2 levels) in spawn_workers'
	from /home/raworth/.rvm/gems/ruby-2.2.1/gems/puma-2.13.4/lib/puma/cluster.rb:109:in `fork'
	from /home/raworth/.rvm/gems/ruby-2.2.1/gems/puma-2.13.4/lib/puma/cluster.rb:109:in `block in spawn_workers'
	from /home/raworth/.rvm/gems/ruby-2.2.1/gems/puma-2.13.4/lib/puma/cluster.rb:105:in `times'
	from /home/raworth/.rvm/gems/ruby-2.2.1/gems/puma-2.13.4/lib/puma/cluster.rb:105:in `spawn_workers'
	from /home/raworth/.rvm/gems/ruby-2.2.1/gems/puma-2.13.4/lib/puma/cluster.rb:157:in `check_workers'
	from /home/raworth/.rvm/gems/ruby-2.2.1/gems/puma-2.13.4/lib/puma/cluster.rb:427:in `run'
	from /home/raworth/.rvm/gems/ruby-2.2.1/gems/puma-2.13.4/lib/puma/cli.rb:215:in `run'
	from /home/raworth/.rvm/gems/ruby-2.2.1/gems/puma-2.13.4/bin/puma:10:in `<top (required)>'
	from /home/raworth/.rvm/gems/ruby-2.2.1/bin/puma:23:in `load'
	from /home/raworth/.rvm/gems/ruby-2.2.1/bin/puma:23:in `<main>'
	from /home/raworth/.rvm/gems/ruby-2.2.1/bin/ruby_executable_hooks:15:in `eval'
	from /home/raworth/.rvm/gems/ruby-2.2.1/bin/ruby_executable_hooks:15:in `<main>'
=== puma startup: 2015-09-12 00:37:29 -0700 ===
=== puma startup: 2015-09-12 00:39:03 -0700 ===
=== puma startup: 2015-09-12 00:52:35 -0700 ===
=== puma startup: 2015-09-12 01:04:47 -0700 ===
